#
# There is insufficient memory for the Java Runtime Environment to continue.
# Native memory allocation (malloc) failed to allocate 32784 bytes for Chunk::new
# Possible reasons:
#   The system is out of physical RAM or swap space
#   In 32 bit mode, the process size limit was hit
# Possible solutions:
#   Reduce memory load on the system
#   Increase physical memory or swap space
#   Check if swap backing store is full
#   Use 64 bit Java on a 64 bit OS
#   Decrease Java heap size (-Xmx/-Xms)
#   Decrease number of Java threads
#   Decrease Java thread stack sizes (-Xss)
#   Set larger code cache with -XX:ReservedCodeCacheSize=
# This output file may be truncated or incomplete.
#
#  Out of Memory Error (allocation.cpp:390), pid=2776, tid=0x0000000000000dcc
#
# JRE version: OpenJDK Runtime Environment (8.0_112-b06) (build 1.8.0_112-release-b06)
# Java VM: OpenJDK 64-Bit Server VM (25.112-b06 mixed mode windows-amd64 compressed oops)
# Failed to write core dump. Minidumps are not enabled by default on client versions of Windows
#

---------------  T H R E A D  ---------------

Current thread (0x0000000015f70800):  JavaThread "C2 CompilerThread1" daemon [_thread_in_native, id=3532, stack(0x00000000176d0000,0x00000000177d0000)]

Stack: [0x00000000176d0000,0x00000000177d0000]
[error occurred during error reporting (printing stack bounds), id 0xc0000005]

Native frames: (J=compiled Java code, j=interpreted, Vv=VM code, C=native code)


Current CompileTask:
C2:  43887 6573   !   4       java.io.ObjectOutputStream::writeObject0 (619 bytes)


---------------  P R O C E S S  ---------------

Java Threads: ( => current thread )
  0x0000000018140000 JavaThread "pool-2-thread-1" [_thread_blocked, id=4208, stack(0x000000001b9f0000,0x000000001baf0000)]
  0x000000001957f000 JavaThread "File lock request listener" [_thread_in_native, id=7732, stack(0x000000001b8f0000,0x000000001b9f0000)]
  0x0000000019043800 JavaThread "Stdin handler" [_thread_blocked, id=1264, stack(0x000000001a620000,0x000000001a720000)]
  0x0000000019040000 JavaThread "Asynchronous log dispatcher for DefaultDaemonConnection: socket connection from /127.0.0.1:2102 to /127.0.0.1:2103" [_thread_blocked, id=6552, stack(0x000000001a520000,0x000000001a620000)]
  0x0000000019009000 JavaThread "Daemon worker" [_thread_in_native, id=728, stack(0x000000001a420000,0x000000001a520000)]
  0x000000001900d800 JavaThread "Cancel handler" [_thread_blocked, id=3828, stack(0x000000001a320000,0x000000001a420000)]
  0x0000000019048000 JavaThread "pool-1-thread-1" [_thread_blocked, id=6560, stack(0x000000001a220000,0x000000001a320000)]
  0x0000000018df5000 JavaThread "Handler for socket connection from /127.0.0.1:2102 to /127.0.0.1:2103" [_thread_in_native, id=6644, stack(0x000000001a120000,0x000000001a220000)]
  0x0000000018df4800 JavaThread "Daemon" [_thread_blocked, id=4952, stack(0x000000001a020000,0x000000001a120000)]
  0x000000001946f800 JavaThread "Incoming local TCP Connector on port 2102" [_thread_in_native, id=3364, stack(0x0000000019be0000,0x0000000019ce0000)]
  0x00000000178f3800 JavaThread "Service Thread" daemon [_thread_blocked, id=2636, stack(0x0000000017cd0000,0x0000000017dd0000)]
  0x0000000015f74000 JavaThread "C1 CompilerThread2" daemon [_thread_blocked, id=3508, stack(0x00000000177d0000,0x00000000178d0000)]
=>0x0000000015f70800 JavaThread "C2 CompilerThread1" daemon [_thread_in_native, id=3532, stack(0x00000000176d0000,0x00000000177d0000)]
  0x0000000015f6d000 JavaThread "C2 CompilerThread0" daemon [_thread_in_native, id=6656, stack(0x00000000175d0000,0x00000000176d0000)]
  0x0000000015f6b800 JavaThread "Attach Listener" daemon [_thread_blocked, id=6652, stack(0x00000000174d0000,0x00000000175d0000)]
  0x0000000015f6a800 JavaThread "Signal Dispatcher" daemon [_thread_blocked, id=4600, stack(0x00000000173d0000,0x00000000174d0000)]
  0x0000000015f58800 JavaThread "Finalizer" daemon [_thread_blocked, id=5564, stack(0x00000000171d0000,0x00000000172d0000)]
  0x00000000025f1000 JavaThread "Reference Handler" daemon [_thread_blocked, id=4188, stack(0x00000000170d0000,0x00000000171d0000)]
  0x0000000002500800 JavaThread "main" [_thread_blocked, id=6252, stack(0x0000000002400000,0x0000000002500000)]

Other Threads:
  0x0000000015f35800 VMThread [stack: 0x0000000016fd0000,0x00000000170d0000] [id=5548]
  0x000000001790d000 WatcherThread [stack: 0x0000000017dd0000,0x0000000017ed0000] [id=4184]

VM state:not at safepoint (normal execution)

VM Mutex/Monitor currently owned by a thread: None

Heap:
 PSYoungGen      total 102400K, used 78718K [0x00000000e0000000, 0x00000000e8f00000, 0x0000000100000000)
  eden space 88064K, 73% used [0x00000000e0000000,0x00000000e3ee7620,0x00000000e5600000)
  from space 14336K, 99% used [0x00000000e5600000,0x00000000e63f81f8,0x00000000e6400000)
  to   space 19456K, 0% used [0x00000000e7c00000,0x00000000e7c00000,0x00000000e8f00000)
 ParOldGen       total 58880K, used 28670K [0x00000000a0000000, 0x00000000a3980000, 0x00000000e0000000)
  object space 58880K, 48% used [0x00000000a0000000,0x00000000a1bff908,0x00000000a3980000)
 Metaspace       used 51716K, capacity 53900K, committed 54104K, reserved 1095680K
  class space    used 7183K, capacity 7643K, committed 7768K, reserved 1048576K

Card table byte_map: [0x00000000119c0000,0x0000000011cd0000] byte_map_base: 0x00000000114c0000

Marking Bits: (ParMarkBitMap*) 0x00000000586518f0
 Begin Bits: [0x00000000122d0000, 0x0000000013ad0000)
 End Bits:   [0x0000000013ad0000, 0x00000000152d0000)

Polling page: 0x00000000005a0000

CodeCache: size=245760Kb used=21018Kb max_used=21028Kb free=224741Kb
 bounds [0x0000000002600000, 0x0000000003aa0000, 0x0000000011600000]
 total_blobs=6516 nmethods=5771 adapters=657
 compilation: enabled

Compilation events (10 events):
Event: 43.867 Thread 0x0000000015f74000 nmethod 6579 0x0000000003a9b250 code [0x0000000003a9b3a0, 0x0000000003a9b4b0]
Event: 43.867 Thread 0x0000000015f74000 6580       1       java.lang.reflect.Constructor::getRawAnnotations (5 bytes)
Event: 43.867 Thread 0x0000000015f74000 nmethod 6580 0x0000000003a9af90 code [0x0000000003a9b0e0, 0x0000000003a9b1f0]
Event: 43.867 Thread 0x0000000015f74000 6581       1       java.lang.reflect.Constructor::getRawParameterAnnotations (5 bytes)
Event: 43.867 Thread 0x0000000015f74000 nmethod 6581 0x0000000003a9acd0 code [0x0000000003a9ae20, 0x0000000003a9af30]
Event: 43.867 Thread 0x0000000015f6d000 6582       4       java.io.ObjectOutputStream$BlockDataOutputStream::writeInt (46 bytes)
Event: 43.868 Thread 0x0000000015f6d000 nmethod 6582 0x0000000003a9a910 code [0x0000000003a9aa60, 0x0000000003a9ab98]
Event: 43.868 Thread 0x0000000015f6d000 6583       4       org.gradle.internal.io.StreamByteBuffer$StreamByteBufferOutputStream::write (115 bytes)
Event: 43.870 Thread 0x0000000015f74000 6584       3       java.util.Arrays::fill (21 bytes)
Event: 43.870 Thread 0x0000000015f74000 nmethod 6584 0x0000000003a9a4d0 code [0x0000000003a9a640, 0x0000000003a9a830]

GC Heap History (10 events):
Event: 18.952 GC heap before
{Heap before GC invocations=13 (full 2):
 PSYoungGen      total 69632K, used 9205K [0x00000000e0000000, 0x00000000e5d00000, 0x0000000100000000)
  eden space 60416K, 0% used [0x00000000e0000000,0x00000000e0000000,0x00000000e3b00000)
  from space 9216K, 99% used [0x00000000e3b00000,0x00000000e43fd7f0,0x00000000e4400000)
  to   space 10752K, 0% used [0x00000000e5280000,0x00000000e5280000,0x00000000e5d00000)
 ParOldGen       total 37376K, used 11441K [0x00000000a0000000, 0x00000000a2480000, 0x00000000e0000000)
  object space 37376K, 30% used [0x00000000a0000000,0x00000000a0b2c5b0,0x00000000a2480000)
 Metaspace       used 34564K, capacity 35270K, committed 35416K, reserved 1079296K
  class space    used 4671K, capacity 4886K, committed 4952K, reserved 1048576K
Event: 19.032 GC heap after
Heap after GC invocations=13 (full 2):
 PSYoungGen      total 69632K, used 0K [0x00000000e0000000, 0x00000000e5d00000, 0x0000000100000000)
  eden space 60416K, 0% used [0x00000000e0000000,0x00000000e0000000,0x00000000e3b00000)
  from space 9216K, 0% used [0x00000000e3b00000,0x00000000e3b00000,0x00000000e4400000)
  to   space 10752K, 0% used [0x00000000e5280000,0x00000000e5280000,0x00000000e5d00000)
 ParOldGen       total 58880K, used 16876K [0x00000000a0000000, 0x00000000a3980000, 0x00000000e0000000)
  object space 58880K, 28% used [0x00000000a0000000,0x00000000a107b290,0x00000000a3980000)
 Metaspace       used 34564K, capacity 35270K, committed 35416K, reserved 1079296K
  class space    used 4671K, capacity 4886K, committed 4952K, reserved 1048576K
}
Event: 20.738 GC heap before
{Heap before GC invocations=14 (full 2):
 PSYoungGen      total 69632K, used 60416K [0x00000000e0000000, 0x00000000e5d00000, 0x0000000100000000)
  eden space 60416K, 100% used [0x00000000e0000000,0x00000000e3b00000,0x00000000e3b00000)
  from space 9216K, 0% used [0x00000000e3b00000,0x00000000e3b00000,0x00000000e4400000)
  to   space 10752K, 0% used [0x00000000e5280000,0x00000000e5280000,0x00000000e5d00000)
 ParOldGen       total 58880K, used 16876K [0x00000000a0000000, 0x00000000a3980000, 0x00000000e0000000)
  object space 58880K, 28% used [0x00000000a0000000,0x00000000a107b290,0x00000000a3980000)
 Metaspace       used 37531K, capacity 38294K, committed 38616K, reserved 1083392K
  class space    used 5028K, capacity 5262K, committed 5336K, reserved 1048576K
Event: 20.746 GC heap after
Heap after GC invocations=14 (full 2):
 PSYoungGen      total 84992K, used 6238K [0x00000000e0000000, 0x00000000e5e00000, 0x0000000100000000)
  eden space 74240K, 0% used [0x00000000e0000000,0x00000000e0000000,0x00000000e4880000)
  from space 10752K, 58% used [0x00000000e5280000,0x00000000e5897b50,0x00000000e5d00000)
  to   space 10240K, 0% used [0x00000000e4880000,0x00000000e4880000,0x00000000e5280000)
 ParOldGen       total 58880K, used 16884K [0x00000000a0000000, 0x00000000a3980000, 0x00000000e0000000)
  object space 58880K, 28% used [0x00000000a0000000,0x00000000a107d290,0x00000000a3980000)
 Metaspace       used 37531K, capacity 38294K, committed 38616K, reserved 1083392K
  class space    used 5028K, capacity 5262K, committed 5336K, reserved 1048576K
}
Event: 30.804 GC heap before
{Heap before GC invocations=15 (full 2):
 PSYoungGen      total 84992K, used 80478K [0x00000000e0000000, 0x00000000e5e00000, 0x0000000100000000)
  eden space 74240K, 100% used [0x00000000e0000000,0x00000000e4880000,0x00000000e4880000)
  from space 10752K, 58% used [0x00000000e5280000,0x00000000e5897b50,0x00000000e5d00000)
  to   space 10240K, 0% used [0x00000000e4880000,0x00000000e4880000,0x00000000e5280000)
 ParOldGen       total 58880K, used 16884K [0x00000000a0000000, 0x00000000a3980000, 0x00000000e0000000)
  object space 58880K, 28% used [0x00000000a0000000,0x00000000a107d290,0x00000000a3980000)
 Metaspace       used 43022K, capacity 43986K, committed 44248K, reserved 1087488K
  class space    used 5797K, capacity 6059K, committed 6104K, reserved 1048576K
Event: 30.815 GC heap after
Heap after GC invocations=15 (full 2):
 PSYoungGen      total 84480K, used 10232K [0x00000000e0000000, 0x00000000e6f80000, 0x0000000100000000)
  eden space 74240K, 0% used [0x00000000e0000000,0x00000000e0000000,0x00000000e4880000)
  from space 10240K, 99% used [0x00000000e4880000,0x00000000e527e338,0x00000000e5280000)
  to   space 11776K, 0% used [0x00000000e6400000,0x00000000e6400000,0x00000000e6f80000)
 ParOldGen       total 58880K, used 17099K [0x00000000a0000000, 0x00000000a3980000, 0x00000000e0000000)
  object space 58880K, 29% used [0x00000000a0000000,0x00000000a10b2cd8,0x00000000a3980000)
 Metaspace       used 43022K, capacity 43986K, committed 44248K, reserved 1087488K
  class space    used 5797K, capacity 6059K, committed 6104K, reserved 1048576K
}
Event: 35.650 GC heap before
{Heap before GC invocations=16 (full 2):
 PSYoungGen      total 84480K, used 84472K [0x00000000e0000000, 0x00000000e6f80000, 0x0000000100000000)
  eden space 74240K, 100% used [0x00000000e0000000,0x00000000e4880000,0x00000000e4880000)
  from space 10240K, 99% used [0x00000000e4880000,0x00000000e527e338,0x00000000e5280000)
  to   space 11776K, 0% used [0x00000000e6400000,0x00000000e6400000,0x00000000e6f80000)
 ParOldGen       total 58880K, used 17099K [0x00000000a0000000, 0x00000000a3980000, 0x00000000e0000000)
  object space 58880K, 29% used [0x00000000a0000000,0x00000000a10b2cd8,0x00000000a3980000)
 Metaspace       used 46755K, capacity 48180K, committed 48472K, reserved 1091584K
  class space    used 6359K, capacity 6692K, committed 6744K, reserved 1048576K
Event: 35.690 GC heap after
Heap after GC invocations=16 (full 2):
 PSYoungGen      total 99840K, used 11776K [0x00000000e0000000, 0x00000000e7500000, 0x0000000100000000)
  eden space 88064K, 0% used [0x00000000e0000000,0x00000000e0000000,0x00000000e5600000)
  from space 11776K, 100% used [0x00000000e6400000,0x00000000e6f80000,0x00000000e6f80000)
  to   space 14336K, 0% used [0x00000000e5600000,0x00000000e5600000,0x00000000e6400000)
 ParOldGen       total 58880K, used 20060K [0x00000000a0000000, 0x00000000a3980000, 0x00000000e0000000)
  object space 58880K, 34% used [0x00000000a0000000,0x00000000a1397268,0x00000000a3980000)
 Metaspace       used 46755K, capacity 48180K, committed 48472K, reserved 1091584K
  class space    used 6359K, capacity 6692K, committed 6744K, reserved 1048576K
}
Event: 41.486 GC heap before
{Heap before GC invocations=17 (full 2):
 PSYoungGen      total 99840K, used 99840K [0x00000000e0000000, 0x00000000e7500000, 0x0000000100000000)
  eden space 88064K, 100% used [0x00000000e0000000,0x00000000e5600000,0x00000000e5600000)
  from space 11776K, 100% used [0x00000000e6400000,0x00000000e6f80000,0x00000000e6f80000)
  to   space 14336K, 0% used [0x00000000e5600000,0x00000000e5600000,0x00000000e6400000)
 ParOldGen       total 58880K, used 20060K [0x00000000a0000000, 0x00000000a3980000, 0x00000000e0000000)
  object space 58880K, 34% used [0x00000000a0000000,0x00000000a1397268,0x00000000a3980000)
 Metaspace       used 50390K, capacity 52208K, committed 52440K, reserved 1093632K
  class space    used 6958K, capacity 7326K, committed 7384K, reserved 1048576K
Event: 41.513 GC heap after
Heap after GC invocations=17 (full 2):
 PSYoungGen      total 102400K, used 14304K [0x00000000e0000000, 0x00000000e8f00000, 0x0000000100000000)
  eden space 88064K, 0% used [0x00000000e0000000,0x00000000e0000000,0x00000000e5600000)
  from space 14336K, 99% used [0x00000000e5600000,0x00000000e63f81f8,0x00000000e6400000)
  to   space 19456K, 0% used [0x00000000e7c00000,0x00000000e7c00000,0x00000000e8f00000)
 ParOldGen       total 58880K, used 28670K [0x00000000a0000000, 0x00000000a3980000, 0x00000000e0000000)
  object space 58880K, 48% used [0x00000000a0000000,0x00000000a1bff908,0x00000000a3980000)
 Metaspace       used 50390K, capacity 52208K, committed 52440K, reserved 1093632K
  class space    used 6958K, capacity 7326K, committed 7384K, reserved 1048576K
}

Deoptimization events (10 events):
Event: 41.327 Thread 0x0000000019009000 Uncommon trap: reason=unstable_if action=reinterpret pc=0x0000000003877828 method=com.esotericsoftware.kryo.io.Input.readUtf8(I)V @ 79
Event: 41.668 Thread 0x0000000019009000 Uncommon trap: reason=class_check action=maybe_recompile pc=0x0000000002d834c0 method=java.lang.Throwable.<init>(Ljava/lang/String;Ljava/lang/Throwable;)V @ 24
Event: 41.857 Thread 0x0000000019009000 Uncommon trap: reason=predicate action=maybe_recompile pc=0x0000000003378eb8 method=java.util.AbstractCollection.toArray([Ljava/lang/Object;)[Ljava/lang/Object; @ 49
Event: 41.867 Thread 0x0000000019009000 Uncommon trap: reason=array_check action=maybe_recompile pc=0x0000000002b8b5f0 method=java.util.AbstractCollection.toArray([Ljava/lang/Object;)[Ljava/lang/Object; @ 119
Event: 41.867 Thread 0x0000000019009000 Uncommon trap: reason=array_check action=maybe_recompile pc=0x0000000002b8b5f0 method=java.util.AbstractCollection.toArray([Ljava/lang/Object;)[Ljava/lang/Object; @ 119
Event: 41.871 Thread 0x0000000019009000 Uncommon trap: reason=array_check action=maybe_recompile pc=0x0000000002b8b5f0 method=java.util.AbstractCollection.toArray([Ljava/lang/Object;)[Ljava/lang/Object; @ 119
Event: 41.872 Thread 0x0000000019009000 Uncommon trap: reason=array_check action=maybe_recompile pc=0x0000000002b8b5f0 method=java.util.AbstractCollection.toArray([Ljava/lang/Object;)[Ljava/lang/Object; @ 119
Event: 42.320 Thread 0x0000000019009000 Uncommon trap: reason=null_check action=make_not_entrant pc=0x00000000039f6bf0 method=java.beans.PropertyDescriptor.findPropertyType(Ljava/lang/reflect/Method;Ljava/lang/reflect/Method;)Ljava/lang/Class; @ 157
Event: 42.474 Thread 0x0000000019009000 Uncommon trap: reason=unstable_if action=reinterpret pc=0x0000000002e17a68 method=java.lang.Class$MethodArray.addInterfaceMethods([Ljava/lang/reflect/Method;)V @ 28
Event: 43.798 Thread 0x0000000019009000 Uncommon trap: reason=unstable_if action=reinterpret pc=0x0000000002f2adac method=java.lang.reflect.Proxy.isProxyClass(Ljava/lang/Class;)Z @ 6

Internal exceptions (10 events):
Event: 42.554 Thread 0x0000000019009000 Exception <a 'java/lang/ClassNotFoundException': org/jetbrains/plugins/gradle/model/DefaultExternalPluginBeanInfo> (0x00000000e33b50a8) thrown at [C:\src\android\AOSP-openjdk\external\jetbrains\jdk\hotspot\src\share\vm\classfile\systemDictionary.cpp, line ÎwJÏFE@
Event: 42.554 Thread 0x0000000019009000 Exception <a 'java/lang/ClassNotFoundException': org/jetbrains/plugins/gradle/model/DefaultExternalPluginCustomizer> (0x00000000e33c28d8) thrown at [C:\src\android\AOSP-openjdk\external\jetbrains\jdk\hotspot\src\share\vm\classfile\systemDictionary.cpp, linkàáqGE@
Event: 42.558 Thread 0x0000000019009000 Exception <a 'java/lang/ClassNotFoundException': org/gradle/api/internal/artifacts/DefaultPublishArtifactSetBeanInfo> (0x00000000e3405ce0) thrown at [C:\src\android\AOSP-openjdk\external\jetbrains\jdk\hotspot\src\share\vm\classfile\systemDictionary.cpp, li≥pmä|GE@
Event: 42.558 Thread 0x0000000019009000 Exception <a 'java/lang/ClassNotFoundException': org/gradle/api/internal/artifacts/DefaultPublishArtifactSetCustomizer> (0x00000000e341a5d0) thrown at [C:\src\android\AOSP-openjdk\external\jetbrains\jdk\hotspot\src\share\vm\classfile\systemDictionary.cpp, |PÛ„ GE@
Event: 42.561 Thread 0x0000000019009000 Exception <a 'java/lang/ClassNotFoundException': org/gradle/api/internal/file/DefaultFileCollectionFactory$1BeanInfo> (0x00000000e3453458) thrown at [C:\src\android\AOSP-openjdk\external\jetbrains\jdk\hotspot\src\share\vm\classfile\systemDictionary.cpp, li‰8„c’GE@
Event: 42.561 Thread 0x0000000019009000 Exception <a 'java/lang/ClassNotFoundException': org/gradle/api/internal/file/collections/FileCollectionAdapterBeanInfo> (0x00000000e3467dc8) thrown at [C:\src\android\AOSP-openjdk\external\jetbrains\jdk\hotspot\src\share\vm\classfile\systemDictionary.cpp,‹¶˚ÍﬂGE@
Event: 42.562 Thread 0x0000000019009000 Exception <a 'java/lang/ClassNotFoundException': org/gradle/api/internal/file/collections/FileCollectionAdapterCustomizer> (0x00000000e347cef0) thrown at [C:\src\android\AOSP-openjdk\external\jetbrains\jdk\hotspot\src\share\vm\classfile\systemDictionary.cp
Event: 42.562 Thread 0x0000000019009000 Exception <a 'java/lang/ClassNotFoundException': org/gradle/api/internal/file/DefaultFileCollectionFactory$1Customizer> (0x00000000e349a678) thrown at [C:\src\android\AOSP-openjdk\external\jetbrains\jdk\hotspot\src\share\vm\classfile\systemDictionary.cpp, 
Event: 43.790 Thread 0x0000000019009000 Exception <a 'java/lang/ClassNotFoundException': java/util/CollectionsBeanInfo> (0x00000000e380eae0) thrown at [C:\src\android\AOSP-openjdk\external\jetbrains\jdk\hotspot\src\share\vm\classfile\systemDictionary.cpp, line 210]
Event: 43.791 Thread 0x0000000019009000 Exception <a 'java/lang/ClassNotFoundException': java/util/CollectionsCustomizer> (0x00000000e38156c8) thrown at [C:\src\android\AOSP-openjdk\external\jetbrains\jdk\hotspot\src\share\vm\classfile\systemDictionary.cpp, line 210]

Events (10 events):
Event: 43.870 loading class com/android/ide/common/internal/ExecutorSingleton
Event: 43.870 loading class com/android/ide/common/internal/ExecutorSingleton done
Event: 43.871 loading class com/android/ide/common/util/JvmWideVariable
Event: 43.871 loading class com/android/ide/common/util/JvmWideVariable done
Event: 43.871 loading class javax/management/InstanceAlreadyExistsException
Event: 43.872 loading class javax/management/InstanceAlreadyExistsException done
Event: 43.872 loading class javax/management/MBeanRegistrationException
Event: 43.872 loading class javax/management/MBeanRegistrationException done
Event: 43.872 loading class javax/management/NotCompliantMBeanException
Event: 43.872 loading class javax/management/NotCompliantMBeanException done


Dynamic libraries:
0x00007ff7f7a90000 - 0x00007ff7f7ac1000 	C:\Program Files\Android\Android Studio\jre\bin\java.exe
0x00007ffa704d0000 - 0x00007ffa706ab000 	C:\Windows\SYSTEM32\ntdll.dll
0x00007ffa6e330000 - 0x00007ffa6e3de000 	C:\Windows\System32\KERNEL32.DLL
0x00007ffa6d740000 - 0x00007ffa6d989000 	C:\Windows\System32\KERNELBASE.dll
0x00007ffa6e280000 - 0x00007ffa6e321000 	C:\Windows\System32\ADVAPI32.dll
0x00007ffa6e760000 - 0x00007ffa6e7fd000 	C:\Windows\System32\msvcrt.dll
0x00007ffa6eb90000 - 0x00007ffa6ebe9000 	C:\Windows\System32\sechost.dll
0x00007ffa6e620000 - 0x00007ffa6e745000 	C:\Windows\System32\RPCRT4.dll
0x00007ffa6e800000 - 0x00007ffa6e94a000 	C:\Windows\System32\USER32.dll
0x00007ffa6caf0000 - 0x00007ffa6cb0e000 	C:\Windows\System32\win32u.dll
0x00007ffa6e0b0000 - 0x00007ffa6e0d7000 	C:\Windows\System32\GDI32.dll
0x00007ffa6d310000 - 0x00007ffa6d498000 	C:\Windows\System32\gdi32full.dll
0x00007ffa6d990000 - 0x00007ffa6da2a000 	C:\Windows\System32\msvcp_win.dll
0x00007ffa6d210000 - 0x00007ffa6d306000 	C:\Windows\System32\ucrtbase.dll
0x00007ffa5ff50000 - 0x00007ffa601b7000 	C:\Windows\WinSxS\amd64_microsoft.windows.common-controls_6595b64144ccf1df_6.0.15063.483_none_26002d27e7c744a2\COMCTL32.dll
0x00007ffa701d0000 - 0x00007ffa704c9000 	C:\Windows\System32\combase.dll
0x00007ffa6d6d0000 - 0x00007ffa6d73a000 	C:\Windows\System32\bcryptPrimitives.dll
0x00007ffa6e250000 - 0x00007ffa6e27d000 	C:\Windows\System32\IMM32.DLL
0x00000000588e0000 - 0x00000000589b2000 	C:\Program Files\Android\Android Studio\jre\jre\bin\msvcr100.dll
0x0000000057e90000 - 0x00000000586cc000 	C:\Program Files\Android\Android Studio\jre\jre\bin\server\jvm.dll
0x00007ffa6e750000 - 0x00007ffa6e758000 	C:\Windows\System32\PSAPI.DLL
0x00007ffa5ebc0000 - 0x00007ffa5ebc9000 	C:\Windows\SYSTEM32\WSOCK32.dll
0x00007ffa6ac10000 - 0x00007ffa6ac33000 	C:\Windows\SYSTEM32\WINMM.dll
0x00007ffa6eb20000 - 0x00007ffa6eb8c000 	C:\Windows\System32\WS2_32.dll
0x00007ffa66dd0000 - 0x00007ffa66dda000 	C:\Windows\SYSTEM32\VERSION.dll
0x00007ffa6a0b0000 - 0x00007ffa6a0db000 	C:\Windows\SYSTEM32\winmmbase.dll
0x00007ffa6c9f0000 - 0x00007ffa6ca39000 	C:\Windows\System32\cfgmgr32.dll
0x00007ffa570e0000 - 0x00007ffa570ef000 	C:\Program Files\Android\Android Studio\jre\jre\bin\verify.dll
0x00007ffa570b0000 - 0x00007ffa570d9000 	C:\Program Files\Android\Android Studio\jre\jre\bin\java.dll
0x00007ffa57090000 - 0x00007ffa570a6000 	C:\Program Files\Android\Android Studio\jre\jre\bin\zip.dll
0x00007ffa6ebf0000 - 0x00007ffa70026000 	C:\Windows\System32\SHELL32.dll
0x00007ffa6df50000 - 0x00007ffa6dffa000 	C:\Windows\System32\shcore.dll
0x00007ffa6cb10000 - 0x00007ffa6d203000 	C:\Windows\System32\windows.storage.dll
0x00007ffa6e440000 - 0x00007ffa6e491000 	C:\Windows\System32\shlwapi.dll
0x00007ffa6c960000 - 0x00007ffa6c971000 	C:\Windows\System32\kernel.appcore.dll
0x00007ffa6c980000 - 0x00007ffa6c9cc000 	C:\Windows\System32\powrprof.dll
0x00007ffa6c940000 - 0x00007ffa6c955000 	C:\Windows\System32\profapi.dll
0x00007ffa55ff0000 - 0x00007ffa5600a000 	C:\Program Files\Android\Android Studio\jre\jre\bin\net.dll
0x00007ffa6c1f0000 - 0x00007ffa6c24c000 	C:\Windows\system32\mswsock.dll
0x00007ffa55fd0000 - 0x00007ffa55fe1000 	C:\Program Files\Android\Android Studio\jre\jre\bin\nio.dll
0x00007ffa4ca50000 - 0x00007ffa4ca6e000 	C:\Users\EziHAn\.gradle\native\23\windows-amd64\native-platform.dll
0x00007ffa6c3a0000 - 0x00007ffa6c3b7000 	C:\Windows\SYSTEM32\CRYPTSP.dll
0x00007ffa6be10000 - 0x00007ffa6be44000 	C:\Windows\system32\rsaenh.dll
0x00007ffa6c810000 - 0x00007ffa6c835000 	C:\Windows\SYSTEM32\bcrypt.dll
0x00007ffa6c840000 - 0x00007ffa6c869000 	C:\Windows\SYSTEM32\USERENV.dll
0x00007ffa6c390000 - 0x00007ffa6c39b000 	C:\Windows\SYSTEM32\CRYPTBASE.dll
0x00007ffa6bf90000 - 0x00007ffa6bfc7000 	C:\Windows\SYSTEM32\IPHLPAPI.DLL
0x00007ffa6e500000 - 0x00007ffa6e508000 	C:\Windows\System32\NSI.dll
0x00007ffa67680000 - 0x00007ffa67696000 	C:\Windows\SYSTEM32\dhcpcsvc6.DLL
0x00007ffa675f0000 - 0x00007ffa6760a000 	C:\Windows\SYSTEM32\dhcpcsvc.DLL
0x00007ffa57760000 - 0x00007ffa5776d000 	C:\Program Files\Android\Android Studio\jre\jre\bin\management.dll

VM Arguments:
jvm_args: -Xmx1536m -Dfile.encoding=windows-1251 -Duser.country=RU -Duser.language=ru -Duser.variant 
java_command: org.gradle.launcher.daemon.bootstrap.GradleDaemon 3.3
java_class_path (initial): C:\Users\EziHAn\.gradle\wrapper\dists\gradle-3.3-all\55gk2rcmfc6p2dg9u9ohc3hw9\gradle-3.3\lib\gradle-launcher-3.3.jar
Launcher Type: SUN_STANDARD

Environment Variables:
PATH=C:\ProgramData\Oracle\Java\javapath;C:\Windows\system32;C:\Windows;C:\Windows\System32\Wbem;C:\Windows\System32\WindowsPowerShell\v1.0\;C:\Users\EziHAn\AppData\Local\Android\sdk\platform-tools\;C:\Program Files\Git\cmd;C:\Users\EziHAn\AppData\Local\Microsoft\WindowsApps;
USERNAME=EziHAn
OS=Windows_NT
PROCESSOR_IDENTIFIER=Intel64 Family 6 Model 78 Stepping 3, GenuineIntel



---------------  S Y S T E M  ---------------

OS: Windows 10.0 , 64 bit Build 15063 (10.0.15063.296)

CPU:total 4 (2 cores per cpu, 2 threads per core) family 6 model 78 stepping 3, cmov, cx8, fxsr, mmx, sse, sse2, sse3, ssse3, sse4.1, sse4.2, popcnt, avx, avx2, aes, clmul, erms, 3dnowpref, lzcnt, ht, tsc, tscinvbit, bmi1, bmi2, adx

Memory: 4k page, physical 4087712k(175932k free), swap 4087712k(14184k free)

vm_info: OpenJDK 64-Bit Server VM (25.112-b06) for windows-amd64 JRE (1.8.0_112-release-b06), built on Dec  8 2016 00:54:26 by "builder" with MS VC++ 10.0 (VS2010)

time: Thu Sep 28 22:25:11 2017
elapsed time: 43 seconds (0d 0h 0m 43s)

