#
# There is insufficient memory for the Java Runtime Environment to continue.
# Native memory allocation (malloc) failed to allocate 32744 bytes for ChunkPool::allocate
# Possible reasons:
#   The system is out of physical RAM or swap space
#   In 32 bit mode, the process size limit was hit
# Possible solutions:
#   Reduce memory load on the system
#   Increase physical memory or swap space
#   Check if swap backing store is full
#   Use 64 bit Java on a 64 bit OS
#   Decrease Java heap size (-Xmx/-Xms)
#   Decrease number of Java threads
#   Decrease Java thread stack sizes (-Xss)
#   Set larger code cache with -XX:ReservedCodeCacheSize=
# This output file may be truncated or incomplete.
#
#  Out of Memory Error (allocation.cpp:273), pid=8088, tid=0x0000000000000c8c
#
# JRE version: OpenJDK Runtime Environment (8.0_112-b06) (build 1.8.0_112-release-b06)
# Java VM: OpenJDK 64-Bit Server VM (25.112-b06 mixed mode windows-amd64 compressed oops)
# Failed to write core dump. Minidumps are not enabled by default on client versions of Windows
#

---------------  T H R E A D  ---------------

Current thread (0x0000000016afd000):  JavaThread "C2 CompilerThread0" daemon [_thread_in_native, id=3212, stack(0x0000000018250000,0x0000000018350000)]

Stack: [0x0000000018250000,0x0000000018350000]
[error occurred during error reporting (printing stack bounds), id 0xc0000005]

Native frames: (J=compiled Java code, j=interpreted, Vv=VM code, C=native code)


Current CompileTask:
C2:  36814 3630       4       java.lang.reflect.Executable::separateWithCommas (41 bytes)


---------------  P R O C E S S  ---------------

Java Threads: ( => current thread )
  0x000000001a097000 JavaThread "pool-2-thread-1" [_thread_blocked, id=2100, stack(0x0000000021530000,0x0000000021630000)]
  0x0000000019fe5800 JavaThread "File lock request listener" [_thread_in_native, id=1448, stack(0x000000001d540000,0x000000001d640000)]
  0x0000000019bdc000 JavaThread "pool-1-thread-1" [_thread_blocked, id=4864, stack(0x000000001b2a0000,0x000000001b3a0000)]
  0x00000000198b5000 JavaThread "Stdin handler" [_thread_blocked, id=6588, stack(0x000000001b1a0000,0x000000001b2a0000)]
  0x00000000198b4800 JavaThread "Asynchronous log dispatcher for DefaultDaemonConnection: socket connection from /127.0.0.1:2080 to /127.0.0.1:2081" [_thread_blocked, id=176, stack(0x000000001b0a0000,0x000000001b1a0000)]
  0x00000000198ce800 JavaThread "Daemon worker" [_thread_in_vm, id=1420, stack(0x000000001afa0000,0x000000001b0a0000)]
  0x0000000019bde800 JavaThread "Cancel handler" [_thread_blocked, id=2924, stack(0x000000001aea0000,0x000000001afa0000)]
  0x000000001982d800 JavaThread "Handler for socket connection from /127.0.0.1:2080 to /127.0.0.1:2081" [_thread_in_native, id=1060, stack(0x000000001ada0000,0x000000001aea0000)]
  0x000000001a1b9800 JavaThread "Daemon" [_thread_blocked, id=6568, stack(0x000000001aaa0000,0x000000001aba0000)]
  0x00000000199b2000 JavaThread "Incoming local TCP Connector on port 2080" [_thread_in_native, id=5652, stack(0x000000001a860000,0x000000001a960000)]
  0x0000000018580800 JavaThread "Service Thread" daemon [_thread_blocked, id=5716, stack(0x0000000018950000,0x0000000018a50000)]
  0x0000000016b04000 JavaThread "C1 CompilerThread2" daemon [_thread_in_native, id=2436, stack(0x0000000018450000,0x0000000018550000)]
  0x0000000016b00000 JavaThread "C2 CompilerThread1" daemon [_thread_in_native, id=1268, stack(0x0000000018350000,0x0000000018450000)]
=>0x0000000016afd000 JavaThread "C2 CompilerThread0" daemon [_thread_in_native, id=3212, stack(0x0000000018250000,0x0000000018350000)]
  0x0000000016afb800 JavaThread "Attach Listener" daemon [_thread_blocked, id=5684, stack(0x0000000018150000,0x0000000018250000)]
  0x0000000016afa800 JavaThread "Signal Dispatcher" daemon [_thread_blocked, id=3012, stack(0x0000000018050000,0x0000000018150000)]
  0x000000000318c000 JavaThread "Finalizer" daemon [_thread_blocked, id=5712, stack(0x0000000017d60000,0x0000000017e60000)]
  0x0000000003180000 JavaThread "Reference Handler" daemon [_thread_blocked, id=5900, stack(0x0000000017c60000,0x0000000017d60000)]
  0x0000000003090800 JavaThread "main" [_thread_blocked, id=8112, stack(0x0000000002e90000,0x0000000002f90000)]

Other Threads:
  0x0000000016ac5800 VMThread [stack: 0x0000000017b60000,0x0000000017c60000] [id=6492]
  0x0000000016b0c000 WatcherThread [stack: 0x0000000018a50000,0x0000000018b50000] [id=7388]

VM state:not at safepoint (normal execution)

VM Mutex/Monitor currently owned by a thread: None

Heap:
 PSYoungGen      total 141312K, used 6469K [0x00000000e0000000, 0x00000000eb100000, 0x0000000100000000)
  eden space 128000K, 5% used [0x00000000e0000000,0x00000000e06516c8,0x00000000e7d00000)
  from space 13312K, 0% used [0x00000000ea400000,0x00000000ea400000,0x00000000eb100000)
  to   space 10752K, 0% used [0x00000000e7d00000,0x00000000e7d00000,0x00000000e8780000)
 ParOldGen       total 39424K, used 14413K [0x00000000a0000000, 0x00000000a2680000, 0x00000000e0000000)
  object space 39424K, 36% used [0x00000000a0000000,0x00000000a0e13700,0x00000000a2680000)
 Metaspace       used 34725K, capacity 35344K, committed 35672K, reserved 1079296K
  class space    used 4684K, capacity 4887K, committed 4952K, reserved 1048576K

Card table byte_map: [0x0000000012550000,0x0000000012860000] byte_map_base: 0x0000000012050000

Marking Bits: (ParMarkBitMap*) 0x00000000586518f0
 Begin Bits: [0x0000000012e60000, 0x0000000014660000)
 End Bits:   [0x0000000014660000, 0x0000000015e60000)

Polling page: 0x0000000001260000

CodeCache: size=245760Kb used=13014Kb max_used=13150Kb free=232745Kb
 bounds [0x0000000003190000, 0x0000000003e80000, 0x0000000012190000]
 total_blobs=4091 nmethods=3390 adapters=613
 compilation: enabled

Compilation events (10 events):
Event: 36.739 Thread 0x0000000016b04000 nmethod 3658 0x000000000330d390 code [0x000000000330d5c0, 0x000000000330e2e8]
Event: 36.739 Thread 0x0000000016b04000 3659       3       org.gradle.model.internal.manage.schema.extract.StructSchemaExtractionStrategySupport$3::apply (5 bytes)
Event: 36.739 Thread 0x0000000016b04000 nmethod 3659 0x000000000345a3d0 code [0x000000000345a600, 0x000000000345b1e8]
Event: 36.740 Thread 0x0000000016b04000 3629       1       org.gradle.model.internal.manage.schema.ModelProperty::getType (5 bytes)
Event: 36.740 Thread 0x0000000016b04000 nmethod 3629 0x000000000330d050 code [0x000000000330d1a0, 0x000000000330d2b0]
Event: 36.740 Thread 0x0000000016b04000 3660       3       sun.reflect.generics.parser.SignatureParser::parseZeroOrMoreTypeSignatures (174 bytes)
Event: 36.741 Thread 0x0000000016b04000 nmethod 3660 0x000000000363b2d0 code [0x000000000363b500, 0x000000000363c058]
Event: 36.741 Thread 0x0000000016b04000 3662       3       com.google.common.collect.ImmutableMapKeySet::size (8 bytes)
Event: 36.742 Thread 0x0000000016b04000 nmethod 3662 0x00000000032c7950 code [0x00000000032c7ac0, 0x00000000032c7ce8]
Event: 36.744 Thread 0x0000000016b04000 3663       3       org.gradle.model.internal.asm.AsmClassGeneratorUtils::signature (45 bytes)

GC Heap History (10 events):
Event: 9.170 GC heap before
{Heap before GC invocations=6 (full 1):
 PSYoungGen      total 68096K, used 2544K [0x00000000e0000000, 0x00000000e9300000, 0x0000000100000000)
  eden space 65536K, 0% used [0x00000000e0000000,0x00000000e0000000,0x00000000e4000000)
  from space 2560K, 99% used [0x00000000e4000000,0x00000000e427c010,0x00000000e4280000)
  to   space 9728K, 0% used [0x00000000e8980000,0x00000000e8980000,0x00000000e9300000)
 ParOldGen       total 44032K, used 13096K [0x00000000a0000000, 0x00000000a2b00000, 0x00000000e0000000)
  object space 44032K, 29% used [0x00000000a0000000,0x00000000a0cca2c8,0x00000000a2b00000)
 Metaspace       used 20715K, capacity 21114K, committed 21248K, reserved 1067008K
  class space    used 2792K, capacity 2948K, committed 3072K, reserved 1048576K
Event: 9.249 GC heap after
Heap after GC invocations=6 (full 1):
 PSYoungGen      total 68096K, used 0K [0x00000000e0000000, 0x00000000e9300000, 0x0000000100000000)
  eden space 65536K, 0% used [0x00000000e0000000,0x00000000e0000000,0x00000000e4000000)
  from space 2560K, 0% used [0x00000000e4000000,0x00000000e4000000,0x00000000e4280000)
  to   space 9728K, 0% used [0x00000000e8980000,0x00000000e8980000,0x00000000e9300000)
 ParOldGen       total 39424K, used 9365K [0x00000000a0000000, 0x00000000a2680000, 0x00000000e0000000)
  object space 39424K, 23% used [0x00000000a0000000,0x00000000a0925720,0x00000000a2680000)
 Metaspace       used 20715K, capacity 21114K, committed 21248K, reserved 1067008K
  class space    used 2792K, capacity 2948K, committed 3072K, reserved 1048576K
}
Event: 13.021 GC heap before
{Heap before GC invocations=7 (full 1):
 PSYoungGen      total 68096K, used 65536K [0x00000000e0000000, 0x00000000e9300000, 0x0000000100000000)
  eden space 65536K, 100% used [0x00000000e0000000,0x00000000e4000000,0x00000000e4000000)
  from space 2560K, 0% used [0x00000000e4000000,0x00000000e4000000,0x00000000e4280000)
  to   space 9728K, 0% used [0x00000000e8980000,0x00000000e8980000,0x00000000e9300000)
 ParOldGen       total 39424K, used 9365K [0x00000000a0000000, 0x00000000a2680000, 0x00000000e0000000)
  object space 39424K, 23% used [0x00000000a0000000,0x00000000a0925720,0x00000000a2680000)
 Metaspace       used 26456K, capacity 26992K, committed 27136K, reserved 1073152K
  class space    used 3657K, capacity 3786K, committed 3840K, reserved 1048576K
Event: 13.029 GC heap after
Heap after GC invocations=7 (full 1):
 PSYoungGen      total 111616K, used 8413K [0x00000000e0000000, 0x00000000e9200000, 0x0000000100000000)
  eden space 102912K, 0% used [0x00000000e0000000,0x00000000e0000000,0x00000000e6480000)
  from space 8704K, 96% used [0x00000000e8980000,0x00000000e91b7760,0x00000000e9200000)
  to   space 10752K, 0% used [0x00000000e7d00000,0x00000000e7d00000,0x00000000e8780000)
 ParOldGen       total 39424K, used 9365K [0x00000000a0000000, 0x00000000a2680000, 0x00000000e0000000)
  object space 39424K, 23% used [0x00000000a0000000,0x00000000a0925720,0x00000000a2680000)
 Metaspace       used 26456K, capacity 26992K, committed 27136K, reserved 1073152K
  class space    used 3657K, capacity 3786K, committed 3840K, reserved 1048576K
}
Event: 36.141 GC heap before
{Heap before GC invocations=8 (full 1):
 PSYoungGen      total 111616K, used 111325K [0x00000000e0000000, 0x00000000e9200000, 0x0000000100000000)
  eden space 102912K, 100% used [0x00000000e0000000,0x00000000e6480000,0x00000000e6480000)
  from space 8704K, 96% used [0x00000000e8980000,0x00000000e91b7760,0x00000000e9200000)
  to   space 10752K, 0% used [0x00000000e7d00000,0x00000000e7d00000,0x00000000e8780000)
 ParOldGen       total 39424K, used 9365K [0x00000000a0000000, 0x00000000a2680000, 0x00000000e0000000)
  object space 39424K, 23% used [0x00000000a0000000,0x00000000a0925720,0x00000000a2680000)
 Metaspace       used 33983K, capacity 34658K, committed 34816K, reserved 1079296K
  class space    used 4589K, capacity 4786K, committed 4864K, reserved 1048576K
Event: 36.158 GC heap after
Heap after GC invocations=8 (full 1):
 PSYoungGen      total 138752K, used 10739K [0x00000000e0000000, 0x00000000eb100000, 0x0000000100000000)
  eden space 128000K, 0% used [0x00000000e0000000,0x00000000e0000000,0x00000000e7d00000)
  from space 10752K, 99% used [0x00000000e7d00000,0x00000000e877cf98,0x00000000e8780000)
  to   space 13312K, 0% used [0x00000000ea400000,0x00000000ea400000,0x00000000eb100000)
 ParOldGen       total 39424K, used 10440K [0x00000000a0000000, 0x00000000a2680000, 0x00000000e0000000)
  object space 39424K, 26% used [0x00000000a0000000,0x00000000a0a323e0,0x00000000a2680000)
 Metaspace       used 33983K, capacity 34658K, committed 34816K, reserved 1079296K
  class space    used 4589K, capacity 4786K, committed 4864K, reserved 1048576K
}
Event: 36.614 GC heap before
{Heap before GC invocations=9 (full 1):
 PSYoungGen      total 138752K, used 25280K [0x00000000e0000000, 0x00000000eb100000, 0x0000000100000000)
  eden space 128000K, 11% used [0x00000000e0000000,0x00000000e0e33148,0x00000000e7d00000)
  from space 10752K, 99% used [0x00000000e7d00000,0x00000000e877cf98,0x00000000e8780000)
  to   space 13312K, 0% used [0x00000000ea400000,0x00000000ea400000,0x00000000eb100000)
 ParOldGen       total 39424K, used 10440K [0x00000000a0000000, 0x00000000a2680000, 0x00000000e0000000)
  object space 39424K, 26% used [0x00000000a0000000,0x00000000a0a323e0,0x00000000a2680000)
 Metaspace       used 34657K, capacity 35280K, committed 35416K, reserved 1079296K
  class space    used 4679K, capacity 4887K, committed 4952K, reserved 1048576K
Event: 36.626 GC heap after
Heap after GC invocations=9 (full 1):
 PSYoungGen      total 141312K, used 7947K [0x00000000e0000000, 0x00000000eb100000, 0x0000000100000000)
  eden space 128000K, 0% used [0x00000000e0000000,0x00000000e0000000,0x00000000e7d00000)
  from space 13312K, 59% used [0x00000000ea400000,0x00000000eabc2d48,0x00000000eb100000)
  to   space 10752K, 0% used [0x00000000e7d00000,0x00000000e7d00000,0x00000000e8780000)
 ParOldGen       total 39424K, used 10448K [0x00000000a0000000, 0x00000000a2680000, 0x00000000e0000000)
  object space 39424K, 26% used [0x00000000a0000000,0x00000000a0a343e0,0x00000000a2680000)
 Metaspace       used 34657K, capacity 35280K, committed 35416K, reserved 1079296K
  class space    used 4679K, capacity 4887K, committed 4952K, reserved 1048576K
}
Event: 36.626 GC heap before
{Heap before GC invocations=10 (full 2):
 PSYoungGen      total 141312K, used 7947K [0x00000000e0000000, 0x00000000eb100000, 0x0000000100000000)
  eden space 128000K, 0% used [0x00000000e0000000,0x00000000e0000000,0x00000000e7d00000)
  from space 13312K, 59% used [0x00000000ea400000,0x00000000eabc2d48,0x00000000eb100000)
  to   space 10752K, 0% used [0x00000000e7d00000,0x00000000e7d00000,0x00000000e8780000)
 ParOldGen       total 39424K, used 10448K [0x00000000a0000000, 0x00000000a2680000, 0x00000000e0000000)
  object space 39424K, 26% used [0x00000000a0000000,0x00000000a0a343e0,0x00000000a2680000)
 Metaspace       used 34657K, capacity 35280K, committed 35416K, reserved 1079296K
  class space    used 4679K, capacity 4887K, committed 4952K, reserved 1048576K
Event: 36.709 GC heap after
Heap after GC invocations=10 (full 2):
 PSYoungGen      total 141312K, used 0K [0x00000000e0000000, 0x00000000eb100000, 0x0000000100000000)
  eden space 128000K, 0% used [0x00000000e0000000,0x00000000e0000000,0x00000000e7d00000)
  from space 13312K, 0% used [0x00000000ea400000,0x00000000ea400000,0x00000000eb100000)
  to   space 10752K, 0% used [0x00000000e7d00000,0x00000000e7d00000,0x00000000e8780000)
 ParOldGen       total 39424K, used 14413K [0x00000000a0000000, 0x00000000a2680000, 0x00000000e0000000)
  object space 39424K, 36% used [0x00000000a0000000,0x00000000a0e13700,0x00000000a2680000)
 Metaspace       used 34657K, capacity 35280K, committed 35416K, reserved 1079296K
  class space    used 4679K, capacity 4887K, committed 4952K, reserved 1048576K
}

Deoptimization events (10 events):
Event: 17.972 Thread 0x00000000198ce800 Uncommon trap: reason=unstable_if action=reinterpret pc=0x0000000003cfa8b8 method=sun.nio.cs.ISO_8859_1$Decoder.decodeArrayLoop(Ljava/nio/ByteBuffer;Ljava/nio/CharBuffer;)Ljava/nio/charset/CoderResult; @ 146
Event: 18.808 Thread 0x00000000198ce800 Uncommon trap: reason=unstable_if action=reinterpret pc=0x0000000003ccd88c method=com.sun.org.apache.xerces.internal.impl.XMLEntityScanner.scanName()Ljava/lang/String; @ 69
Event: 18.923 Thread 0x00000000198ce800 Uncommon trap: reason=unstable_if action=reinterpret pc=0x0000000003cbf9f8 method=com.sun.org.apache.xerces.internal.impl.XMLDocumentFragmentScannerImpl$FragmentContentDriver.next()I @ 815
Event: 34.531 Thread 0x00000000198ce800 Uncommon trap: reason=unstable_if action=reinterpret pc=0x0000000003ce7388 method=java.util.regex.Pattern$CharProperty.match(Ljava/util/regex/Matcher;ILjava/lang/CharSequence;)Z @ 40
Event: 35.051 Thread 0x00000000198ce800 Uncommon trap: reason=unstable_if action=reinterpret pc=0x00000000032b6464 method=java.lang.Integer.valueOf(I)Ljava/lang/Integer; @ 3
Event: 35.729 Thread 0x00000000198ce800 Uncommon trap: reason=bimorphic action=maybe_recompile pc=0x00000000039ea3ec method=java.security.MessageDigest$Delegate.engineUpdate([BII)V @ 7
Event: 35.729 Thread 0x00000000198ce800 Uncommon trap: reason=bimorphic action=maybe_recompile pc=0x00000000039ea3ec method=java.security.MessageDigest$Delegate.engineUpdate([BII)V @ 7
Event: 35.729 Thread 0x00000000198ce800 Uncommon trap: reason=bimorphic action=maybe_recompile pc=0x00000000039e8c84 method=sun.security.provider.DigestBase.engineUpdate([BII)V @ 128
Event: 36.570 Thread 0x00000000198ce800 Uncommon trap: reason=unstable_if action=reinterpret pc=0x00000000032a1a68 method=java.util.HashMap.putVal(ILjava/lang/Object;Ljava/lang/Object;ZZ)Ljava/lang/Object; @ 162
Event: 36.571 Thread 0x00000000198ce800 Uncommon trap: reason=unstable_if action=reinterpret pc=0x000000000342a54c method=java.util.HashMap.resize()[Ljava/util/HashMap$Node; @ 206

Internal exceptions (10 events):
Event: 34.523 Thread 0x00000000198ce800 Exception <a 'java/lang/ClassNotFoundException': groovy/lang/GroovyObjectCustomizer> (0x00000000e4e6cba8) thrown at [C:\src\android\AOSP-openjdk\external\jetbrains\jdk\hotspot\src\share\vm\classfile\systemDictionary.cpp, line 210]
Event: 34.524 Thread 0x00000000198ce800 Exception <a 'java/lang/ClassNotFoundException': org/gradle/api/ScriptBeanInfo> (0x00000000e4e99eb0) thrown at [C:\src\android\AOSP-openjdk\external\jetbrains\jdk\hotspot\src\share\vm\classfile\systemDictionary.cpp, line 210]
Event: 34.525 Thread 0x00000000198ce800 Exception <a 'java/lang/ClassNotFoundException': org/gradle/api/ScriptCustomizer> (0x00000000e4eb7688) thrown at [C:\src\android\AOSP-openjdk\external\jetbrains\jdk\hotspot\src\share\vm\classfile\systemDictionary.cpp, line 210]
Event: 34.527 Thread 0x00000000198ce800 Exception <a 'java/lang/ClassNotFoundException': org/gradle/api/internal/file/FileOperationsBeanInfo> (0x00000000e4f00290) thrown at [C:\src\android\AOSP-openjdk\external\jetbrains\jdk\hotspot\src\share\vm\classfile\systemDictionary.cpp, line 210]
Event: 34.528 Thread 0x00000000198ce800 Exception <a 'java/lang/ClassNotFoundException': org/gradle/api/internal/file/FileOperationsCustomizer> (0x00000000e4f28560) thrown at [C:\src\android\AOSP-openjdk\external\jetbrains\jdk\hotspot\src\share\vm\classfile\systemDictionary.cpp, line 210]
Event: 34.529 Thread 0x00000000198ce800 Exception <a 'java/lang/ClassNotFoundException': org/gradle/api/internal/ProcessOperationsBeanInfo> (0x00000000e4f6bb30) thrown at [C:\src\android\AOSP-openjdk\external\jetbrains\jdk\hotspot\src\share\vm\classfile\systemDictionary.cpp, line 210]
Event: 34.530 Thread 0x00000000198ce800 Exception <a 'java/lang/ClassNotFoundException': org/gradle/api/internal/ProcessOperationsCustomizer> (0x00000000e4f93380) thrown at [C:\src\android\AOSP-openjdk\external\jetbrains\jdk\hotspot\src\share\vm\classfile\systemDictionary.cpp, line 210]
Event: 34.715 Thread 0x00000000198ce800 Exception <a 'java/lang/ClassNotFoundException': build_8h1jwhci1sfjqx113njw0uxfBeanInfo> (0x00000000e5035c48) thrown at [C:\src\android\AOSP-openjdk\external\jetbrains\jdk\hotspot\src\share\vm\classfile\systemDictionary.cpp, line 210]
Event: 34.715 Thread 0x00000000198ce800 Exception <a 'java/lang/ClassNotFoundException': build_8h1jwhci1sfjqx113njw0uxfCustomizer> (0x00000000e5045e20) thrown at [C:\src\android\AOSP-openjdk\external\jetbrains\jdk\hotspot\src\share\vm\classfile\systemDictionary.cpp, line 210]
Event: 35.457 Thread 0x00000000198ce800 Exception <a 'sun/nio/fs/WindowsException'> (0x00000000e5a7d538) thrown at [C:\src\android\AOSP-openjdk\external\jetbrains\jdk\hotspot\src\share\vm\prims\jni.cpp, line 709]

Events (10 events):
Event: 36.721 Thread 0x0000000016b04000 flushing nmethod 0x0000000003775810
Event: 36.721 Thread 0x0000000016b04000 flushing nmethod 0x0000000003775c90
Event: 36.722 Thread 0x0000000016b04000 flushing nmethod 0x0000000003779f10
Event: 36.722 Thread 0x0000000016b04000 flushing nmethod 0x00000000037bf7d0
Event: 36.733 loading class org/gradle/api/component/SoftwareComponent
Event: 36.733 loading class org/gradle/api/component/SoftwareComponent done
Event: 36.746 loading class org/gradle/model/internal/manage/schema/ScalarCollectionSchema
Event: 36.746 loading class org/gradle/model/internal/manage/schema/ScalarCollectionSchema done
Event: 36.747 loading class org/gradle/model/internal/manage/schema/extract/JavaUtilCollectionStrategy$1
Event: 36.747 loading class org/gradle/model/internal/manage/schema/extract/JavaUtilCollectionStrategy$1 done


Dynamic libraries:
0x00007ff7f7a90000 - 0x00007ff7f7ac1000 	C:\Program Files\Android\Android Studio\jre\bin\java.exe
0x00007ffa704d0000 - 0x00007ffa706ab000 	C:\Windows\SYSTEM32\ntdll.dll
0x00007ffa6e330000 - 0x00007ffa6e3de000 	C:\Windows\System32\KERNEL32.DLL
0x00007ffa6d740000 - 0x00007ffa6d989000 	C:\Windows\System32\KERNELBASE.dll
0x00007ffa6e280000 - 0x00007ffa6e321000 	C:\Windows\System32\ADVAPI32.dll
0x00007ffa6e760000 - 0x00007ffa6e7fd000 	C:\Windows\System32\msvcrt.dll
0x00007ffa6eb90000 - 0x00007ffa6ebe9000 	C:\Windows\System32\sechost.dll
0x00007ffa6e620000 - 0x00007ffa6e745000 	C:\Windows\System32\RPCRT4.dll
0x00007ffa6e800000 - 0x00007ffa6e94a000 	C:\Windows\System32\USER32.dll
0x00007ffa6caf0000 - 0x00007ffa6cb0e000 	C:\Windows\System32\win32u.dll
0x00007ffa6e0b0000 - 0x00007ffa6e0d7000 	C:\Windows\System32\GDI32.dll
0x00007ffa6d310000 - 0x00007ffa6d498000 	C:\Windows\System32\gdi32full.dll
0x00007ffa6d990000 - 0x00007ffa6da2a000 	C:\Windows\System32\msvcp_win.dll
0x00007ffa6d210000 - 0x00007ffa6d306000 	C:\Windows\System32\ucrtbase.dll
0x00007ffa5ff50000 - 0x00007ffa601b7000 	C:\Windows\WinSxS\amd64_microsoft.windows.common-controls_6595b64144ccf1df_6.0.15063.483_none_26002d27e7c744a2\COMCTL32.dll
0x00007ffa701d0000 - 0x00007ffa704c9000 	C:\Windows\System32\combase.dll
0x00007ffa6d6d0000 - 0x00007ffa6d73a000 	C:\Windows\System32\bcryptPrimitives.dll
0x00007ffa6e250000 - 0x00007ffa6e27d000 	C:\Windows\System32\IMM32.DLL
0x00000000588e0000 - 0x00000000589b2000 	C:\Program Files\Android\Android Studio\jre\jre\bin\msvcr100.dll
0x0000000057e90000 - 0x00000000586cc000 	C:\Program Files\Android\Android Studio\jre\jre\bin\server\jvm.dll
0x00007ffa6e750000 - 0x00007ffa6e758000 	C:\Windows\System32\PSAPI.DLL
0x00007ffa66dd0000 - 0x00007ffa66dda000 	C:\Windows\SYSTEM32\VERSION.dll
0x00007ffa6ac10000 - 0x00007ffa6ac33000 	C:\Windows\SYSTEM32\WINMM.dll
0x00007ffa5ebc0000 - 0x00007ffa5ebc9000 	C:\Windows\SYSTEM32\WSOCK32.dll
0x00007ffa6eb20000 - 0x00007ffa6eb8c000 	C:\Windows\System32\WS2_32.dll
0x00007ffa6a0b0000 - 0x00007ffa6a0db000 	C:\Windows\SYSTEM32\winmmbase.dll
0x00007ffa6c9f0000 - 0x00007ffa6ca39000 	C:\Windows\System32\cfgmgr32.dll
0x00007ffa570e0000 - 0x00007ffa570ef000 	C:\Program Files\Android\Android Studio\jre\jre\bin\verify.dll
0x00007ffa570b0000 - 0x00007ffa570d9000 	C:\Program Files\Android\Android Studio\jre\jre\bin\java.dll
0x00007ffa57090000 - 0x00007ffa570a6000 	C:\Program Files\Android\Android Studio\jre\jre\bin\zip.dll
0x00007ffa6ebf0000 - 0x00007ffa70026000 	C:\Windows\System32\SHELL32.dll
0x00007ffa6df50000 - 0x00007ffa6dffa000 	C:\Windows\System32\shcore.dll
0x00007ffa6cb10000 - 0x00007ffa6d203000 	C:\Windows\System32\windows.storage.dll
0x00007ffa6e440000 - 0x00007ffa6e491000 	C:\Windows\System32\shlwapi.dll
0x00007ffa6c960000 - 0x00007ffa6c971000 	C:\Windows\System32\kernel.appcore.dll
0x00007ffa6c980000 - 0x00007ffa6c9cc000 	C:\Windows\System32\powrprof.dll
0x00007ffa6c940000 - 0x00007ffa6c955000 	C:\Windows\System32\profapi.dll
0x00007ffa55ff0000 - 0x00007ffa5600a000 	C:\Program Files\Android\Android Studio\jre\jre\bin\net.dll
0x00007ffa6c1f0000 - 0x00007ffa6c24c000 	C:\Windows\system32\mswsock.dll
0x00007ffa55fd0000 - 0x00007ffa55fe1000 	C:\Program Files\Android\Android Studio\jre\jre\bin\nio.dll
0x00007ffa4ca50000 - 0x00007ffa4ca6e000 	C:\Users\EziHAn\.gradle\native\23\windows-amd64\native-platform.dll
0x00007ffa6c3a0000 - 0x00007ffa6c3b7000 	C:\Windows\SYSTEM32\CRYPTSP.dll
0x00007ffa6be10000 - 0x00007ffa6be44000 	C:\Windows\system32\rsaenh.dll
0x00007ffa6c810000 - 0x00007ffa6c835000 	C:\Windows\SYSTEM32\bcrypt.dll
0x00007ffa6c840000 - 0x00007ffa6c869000 	C:\Windows\SYSTEM32\USERENV.dll
0x00007ffa6c390000 - 0x00007ffa6c39b000 	C:\Windows\SYSTEM32\CRYPTBASE.dll
0x00007ffa6bf90000 - 0x00007ffa6bfc7000 	C:\Windows\SYSTEM32\IPHLPAPI.DLL
0x00007ffa6e500000 - 0x00007ffa6e508000 	C:\Windows\System32\NSI.dll
0x00007ffa67680000 - 0x00007ffa67696000 	C:\Windows\SYSTEM32\dhcpcsvc6.DLL
0x00007ffa675f0000 - 0x00007ffa6760a000 	C:\Windows\SYSTEM32\dhcpcsvc.DLL
0x00007ffa57760000 - 0x00007ffa5776d000 	C:\Program Files\Android\Android Studio\jre\jre\bin\management.dll

VM Arguments:
jvm_args: -Xmx1536m -Dfile.encoding=windows-1251 -Duser.country=RU -Duser.language=ru -Duser.variant 
java_command: org.gradle.launcher.daemon.bootstrap.GradleDaemon 3.3
java_class_path (initial): C:\Users\EziHAn\.gradle\wrapper\dists\gradle-3.3-all\55gk2rcmfc6p2dg9u9ohc3hw9\gradle-3.3\lib\gradle-launcher-3.3.jar
Launcher Type: SUN_STANDARD

Environment Variables:
PATH=C:\ProgramData\Oracle\Java\javapath;C:\Windows\system32;C:\Windows;C:\Windows\System32\Wbem;C:\Windows\System32\WindowsPowerShell\v1.0\;C:\Users\EziHAn\AppData\Local\Android\sdk\platform-tools\;C:\Program Files\Git\cmd;C:\Users\EziHAn\AppData\Local\Microsoft\WindowsApps;
USERNAME=EziHAn
OS=Windows_NT
PROCESSOR_IDENTIFIER=Intel64 Family 6 Model 78 Stepping 3, GenuineIntel



---------------  S Y S T E M  ---------------

OS: Windows 10.0 , 64 bit Build 15063 (10.0.15063.296)

CPU:total 4 (2 cores per cpu, 2 threads per core) family 6 model 78 stepping 3, cmov, cx8, fxsr, mmx, sse, sse2, sse3, ssse3, sse4.1, sse4.2, popcnt, avx, avx2, aes, clmul, erms, 3dnowpref, lzcnt, ht, tsc, tscinvbit, bmi1, bmi2, adx

Memory: 4k page, physical 4087712k(254112k free), swap 4087712k(5240k free)

vm_info: OpenJDK 64-Bit Server VM (25.112-b06) for windows-amd64 JRE (1.8.0_112-release-b06), built on Dec  8 2016 00:54:26 by "builder" with MS VC++ 10.0 (VS2010)

time: Thu Sep 28 22:24:01 2017
elapsed time: 36 seconds (0d 0h 0m 36s)

